Test libgist for SR-Tree
Open an existing index file
[INFO] The query is = p 51.892 0.421
(51.892, 0.421): -957
[INFO] Retrieved 1 items
[INFO] Select Use time: 0.000149
=============================
[INFO] The query is = p 10.356 0.876
[INFO] Retrieved 0 items
[INFO] Select Use time: 0.000103
=============================
[INFO] The query is & p 37.855 12.673
(37.855, 12.673): 420
[INFO] Retrieved 1 items
[INFO] Select Use time: 6.5e-05
=============================
[INFO] The query is & p 45.131 -41.087
[INFO] Retrieved 0 items
[INFO] Select Use time: 5.6e-05
=============================
[INFO] The query is & r 5.432 15.620 15.231 25.098
(10.664, 15.587): 572
(14.256, 18.761): 388
(11.27, 23.354): 383
(14.584, 21.838): 290
(12.332, 24.069): 98
(7.121, 18.467): -587
(7.245, 25.02): -107
(11.283, 24.985): -444
(6.017, 24.7): -685
(6.075, 15.894): -948
(11.044, 21.211): 372
(9.646, 18.482): 565
(14.226, 22.607): -420
(8.672, 16.132): -69
(6.196, 23.403): 296
(8.585, 21.896): 320
(6.685, 22.084): 243
(13.119, 21.222): 511
(13.068, 17.533): 583
(12.355, 16.018): -474
(14.667, 17.745): -188
(9.696, 18.942): 808
(8.982, 22.073): 826
(12.238, 21.842): -736
(8.668, 23.732): -11
(8.961, 16.295): -325
(14.657, 15.927): 212
(14.509, 18.932): -378
(9.383, 20.063): 542
(9.283, 24.879): 374
(6.946, 18.483): 773
(12.834, 19.395): -536
(8.015, 23.998): 669
(11.761, 16.537): 770
(10.006, 18.315): -147
(10.165, 23.01): -553
(6.69, 19.773): 387
(11.373, 18.475): -907
(11.502, 19.805): 192
[INFO] Retrieved 39 items
[INFO] Select Use time: 0.00036
=============================
[INFO] The query is < p -71.593 -38.499
(-71.593, -38.499): 835
[INFO] Retrieved 1 items
[INFO] Select Use time: 0.000101
=============================
[INFO] The query is < r 67.564 72.453 -23.393 33.324
(68.295, 23.717): 565
(70.497, 32.734): 714
(70.683, 19.483): -233
(72.036, 17.487): 72
(71.405, 22.478): 690
(67.673, 28.391): 370
(68.637, 27.86): -240
(67.825, 33.092): -236
(69.543, 27.196): -998
(71.809, 21.247): 800
(68.017, 19.873): -488
(69.738, 13.024): -498
(68.413, 14.636): -913
(67.75, 14.229): 186
(71.593, 14.434): 518
(70.25, 23.824): -832
(71.152, 17.773): -377
(69.024, 17.105): -529
(68.323, 14.46): -121
(68.881, 22.768): 513
(69.084, 20.103): -231
(68.867, 30.122): 76
(69.937, 16.31): 726
(69.735, 17.509): -471
(69.443, 15.617): -914
(72.146, 14.418): -625
(70.752, 30.778): -52
(67.744, 20.258): -260
(70.02, 26.433): 424
(68.598, 21.954): -210
(69.427, 27.46): -970
(68.229, 16.36): -4
(72.362, 27.583): 562
(72.121, 23.564): -683
(72.09, -20.688): 620
(72.383, -20.5): 477
(71.531, -19.776): 906
(70.48, -19.388): 543
(70.87, -18.043): 265
(69.247, -16.447): -1
(68.248, -14.911): -171
(72.241, -12.31): 460
(69.504, -11.618): -453
(72.351, -11.01): -59
(69.068, -7.76): -33
(72.224, -7.512): 718
(71.901, -13.642): 28
(68.661, -15.439): -155
(69.99, -10.407): -820
(71.305, -13.264): 967
(69.223, -8.798): -566
(71.144, -18.099): 466
(71.814, -15.221): -352
(68.571, -7.861): -354
(70.329, -13.357): 970
(71.023, -11.996): 980
(69.224, -6.076): 643
(71.063, -6.434): -495
(70.022, -16.243): 804
(68.806, -7.331): -559
(70.374, -3.859): -992
(67.93, -2.653): 954
(72.024, -0.223): -775
(68.519, 0.705): 254
(70.319, 1.057): 360
(69.123, 1.812): 328
(68.568, 2.031): -909
(71.139, 2.167): 144
(71.786, 2.659): 757
(71.16, 2.908): 544
(67.906, 3.783): -58
(70.307, 5.247): -178
(70.096, 5.416): 900
(70.22, 6.3): -69
(71.133, 7.702): -187
(68.175, 7.909): -236
(71.374, 8.066): -95
(70.672, 9.438): -533
(71.677, 10.033): 223
(72.146, 10.128): -207
(72.412, 11.315): -287
(68.381, 13.606): -553
(71.55, 16.156): -756
(69.37, 18.214): -784
[INFO] Retrieved 84 items
[INFO] Select Use time: 0.000585
=============================
[INFO] The query is > p 46.533 -90.311
[INFO] Retrieved 0 items
[INFO] Select Use time: 4.8e-05
=============================
[INFO] The query is > r 47.032 56.745 60.128 65.594
[INFO] Retrieved 0 items
[INFO] Select Use time: 3.3e-05
=============================
[INFO] The query is ~ p 11.480 -57.799
(11.48, -57.799): 583
(11.417, -57.913): 729
(11.513, -57.6): -294
(11.241, -56.95): -287
(10.183, -58.634): -189
(9.78, -58.332): 72
(13.271, -57.947): 611
(10.149, -59.424): 688
(10.187, -55.864): 652
(11.582, -55.043): -906
(12.49, -55.208): 108
(9.405, -55.756): -34
(8.691, -59.094): 779
(8.311, -58.296): 656
(10.656, -54.672): 452
(8.103, -57.911): 701
(14.116, -60.25): 502
(14.934, -56.364): -183
(15.097, -58.889): 412
(7.668, -57.942): -407
[INFO] Retrieved 20 items
[INFO] Select Use time: 0.000864
=============================
Over!
